[
  {
    "timestamp": "Jan 12 10:45:12",
    "usuario": "root",
    "ip": "192.168.0.10",
    "evento": "ssh_failed"
  },
  {
    "timestamp": "Jan 12 10:45:15",
    "usuario": "root",
    "ip": "192.168.0.10",
    "evento": "ssh_failed"
  },
  {
    "timestamp": "Jan 12 10:45:18",
    "usuario": "admin",
    "ip": "192.168.0.10",
    "evento": "ssh_failed"
  },
  {
    "timestamp": "Jan 12 10:45:21",
    "usuario": "root",
    "ip": "192.168.0.10",
    "evento": "ssh_failed"
  },
  {
    "timestamp": "Jan 12 10:45:25",
    "usuario": "test",
    "ip": "192.168.0.11",
    "evento": "ssh_failed"
  },
  {
    "timestamp": "Jan 12 10:45:30",
    "usuario": "root",
    "ip": "192.168.0.10",
    "evento": "ssh_failed"
  },
  {
    "timestamp": "Jan 12 10:46:01",
    "usuario": "root",
    "ip": "192.168.0.12",
    "evento": "ssh_success"
  },
  {
    "timestamp": "Jan 12 10:46:15",
    "usuario": "admin",
    "ip": "192.168.0.10",
    "evento": "ssh_failed"
  },
  {
    "timestamp": "Jan 12 10:46:30",
    "usuario": "admin",
    "ip": "192.168.0.10",
    "evento": "ssh_failed"
  },
  {
    "timestamp": "Jan 12 10:46:45",
    "usuario": "admin",
    "ip": "192.168.0.10",
    "evento": "ssh_failed"
  }
]

